['Amphiprion_clarkii', 'Amphiprion_frenatus', 'Amphiprion_ocellaris', 'Amphiprion_perideraion']
Epoch 0/49
----------
train Loss: 1.3734 Acc: 0.2935
val Loss: 1.3260 Acc: 0.4797

Epoch 1/49
----------
train Loss: 1.3512 Acc: 0.2898
val Loss: 1.2996 Acc: 0.4797

Epoch 2/49
----------
train Loss: 1.3335 Acc: 0.3095
val Loss: 1.2910 Acc: 0.4472

Epoch 3/49
----------
train Loss: 1.3098 Acc: 0.3674
val Loss: 1.2186 Acc: 0.4715

Epoch 4/49
----------
train Loss: 1.2756 Acc: 0.4118
val Loss: 1.1701 Acc: 0.4878

Epoch 5/49
----------
train Loss: 1.2168 Acc: 0.4501
val Loss: 1.0671 Acc: 0.5691

Epoch 6/49
----------
train Loss: 1.1426 Acc: 0.5154
val Loss: 0.9403 Acc: 0.6585

Epoch 7/49
----------
train Loss: 1.0661 Acc: 0.5610
val Loss: 0.9521 Acc: 0.6585

Epoch 8/49
----------
train Loss: 1.0426 Acc: 0.5610
val Loss: 0.9444 Acc: 0.6260

Epoch 9/49
----------
train Loss: 1.0198 Acc: 0.5672
val Loss: 0.9693 Acc: 0.6179

Epoch 10/49
----------
train Loss: 1.0165 Acc: 0.5721
val Loss: 0.9596 Acc: 0.6098

Epoch 11/49
----------
train Loss: 1.0137 Acc: 0.5721
val Loss: 0.9281 Acc: 0.6585

Epoch 12/49
----------
train Loss: 1.0001 Acc: 0.5795
val Loss: 0.9261 Acc: 0.6585

Epoch 13/49
----------
train Loss: 0.9925 Acc: 0.5919
val Loss: 0.9512 Acc: 0.6098

Epoch 14/49
----------
train Loss: 0.9947 Acc: 0.5820
val Loss: 0.9387 Acc: 0.6260

Epoch 15/49
----------
train Loss: 1.0029 Acc: 0.5746
val Loss: 0.9333 Acc: 0.6504

Epoch 16/49
----------
train Loss: 0.9836 Acc: 0.5882
val Loss: 0.9312 Acc: 0.6667

Epoch 17/49
----------
train Loss: 0.9873 Acc: 0.5882
val Loss: 0.9307 Acc: 0.6667

Epoch 18/49
----------
train Loss: 0.9821 Acc: 0.6091
val Loss: 0.9295 Acc: 0.6667

Epoch 19/49
----------
train Loss: 1.0053 Acc: 0.5758
val Loss: 0.9296 Acc: 0.6504

Epoch 20/49
----------
train Loss: 0.9920 Acc: 0.5980
val Loss: 0.9278 Acc: 0.6667

Epoch 21/49
----------
train Loss: 0.9884 Acc: 0.5956
val Loss: 0.9276 Acc: 0.6667

Epoch 22/49
----------
train Loss: 0.9916 Acc: 0.5795
val Loss: 0.9276 Acc: 0.6585

Epoch 23/49
----------
train Loss: 0.9941 Acc: 0.5857
val Loss: 0.9277 Acc: 0.6585

Epoch 24/49
----------
train Loss: 0.9847 Acc: 0.5956
val Loss: 0.9282 Acc: 0.6585

Epoch 25/49
----------
train Loss: 0.9869 Acc: 0.6042
val Loss: 0.9278 Acc: 0.6585

Epoch 26/49
----------
train Loss: 0.9921 Acc: 0.5919
val Loss: 0.9273 Acc: 0.6585

Epoch 27/49
----------
train Loss: 0.9937 Acc: 0.5820
val Loss: 0.9281 Acc: 0.6585

Epoch 28/49
----------
train Loss: 0.9852 Acc: 0.5906
val Loss: 0.9281 Acc: 0.6585

Epoch 29/49
----------
train Loss: 0.9790 Acc: 0.5882
val Loss: 0.9280 Acc: 0.6585

Epoch 30/49
----------
train Loss: 0.9968 Acc: 0.5820
val Loss: 0.9281 Acc: 0.6585

Epoch 31/49
----------
train Loss: 0.9844 Acc: 0.5857
val Loss: 0.9280 Acc: 0.6585

Epoch 32/49
----------
train Loss: 0.9715 Acc: 0.5980
val Loss: 0.9279 Acc: 0.6585

Epoch 33/49
----------
train Loss: 0.9844 Acc: 0.5857
val Loss: 0.9279 Acc: 0.6585

Epoch 34/49
----------
train Loss: 0.9890 Acc: 0.5956
val Loss: 0.9279 Acc: 0.6585

Epoch 35/49
----------
train Loss: 0.9699 Acc: 0.6054
val Loss: 0.9279 Acc: 0.6585

Epoch 36/49
----------
train Loss: 0.9844 Acc: 0.5931
val Loss: 0.9279 Acc: 0.6585

Epoch 37/49
----------
train Loss: 0.9653 Acc: 0.6054
val Loss: 0.9279 Acc: 0.6585

Epoch 38/49
----------
train Loss: 0.9804 Acc: 0.6005
val Loss: 0.9279 Acc: 0.6585

Epoch 39/49
----------
train Loss: 0.9757 Acc: 0.6153
val Loss: 0.9279 Acc: 0.6585

Epoch 40/49
----------
train Loss: 0.9812 Acc: 0.6042
val Loss: 0.9279 Acc: 0.6585

Epoch 41/49
----------
train Loss: 0.9862 Acc: 0.6017
val Loss: 0.9279 Acc: 0.6585

Epoch 42/49
----------
train Loss: 0.9876 Acc: 0.5845
val Loss: 0.9279 Acc: 0.6585

Epoch 43/49
----------
train Loss: 0.9790 Acc: 0.6005
val Loss: 0.9279 Acc: 0.6585

Epoch 44/49
----------
train Loss: 0.9756 Acc: 0.6067
val Loss: 0.9279 Acc: 0.6585

Epoch 45/49
----------
train Loss: 0.9930 Acc: 0.5795
val Loss: 0.9279 Acc: 0.6585

Epoch 46/49
----------
train Loss: 0.9828 Acc: 0.5956
val Loss: 0.9279 Acc: 0.6585

Epoch 47/49
----------
train Loss: 0.9803 Acc: 0.5795
val Loss: 0.9279 Acc: 0.6585

Epoch 48/49
----------
train Loss: 0.9855 Acc: 0.5906
val Loss: 0.9279 Acc: 0.6585

Epoch 49/49
----------
train Loss: 0.9841 Acc: 0.5993
val Loss: 0.9279 Acc: 0.6585

Training complete in 28m 12s
Best val Acc: 0.666667
