['Amphiprion_clarkii', 'Amphiprion_frenatus', 'Amphiprion_ocellaris', 'Amphiprion_perideraion', 'other']
Epoch 0/49
----------
train Loss: 1.3737 Acc: 0.4363
val Loss: 1.0873 Acc: 0.5871

Epoch 1/49
----------
train Loss: 1.0083 Acc: 0.6385
val Loss: 0.9818 Acc: 0.6219

Epoch 2/49
----------
train Loss: 0.8630 Acc: 0.6741
val Loss: 0.9596 Acc: 0.6119

Epoch 3/49
----------
train Loss: 0.8234 Acc: 0.6955
val Loss: 0.8256 Acc: 0.6667

Epoch 4/49
----------
train Loss: 0.7630 Acc: 0.7257
val Loss: 0.8268 Acc: 0.6567

Epoch 5/49
----------
train Loss: 0.7193 Acc: 0.7320
val Loss: 0.8025 Acc: 0.6667

Epoch 6/49
----------
train Loss: 0.7159 Acc: 0.7284
val Loss: 0.8011 Acc: 0.6667

Epoch 7/49
----------
train Loss: 0.6740 Acc: 0.7560
val Loss: 0.7744 Acc: 0.6965

Epoch 8/49
----------
train Loss: 0.6539 Acc: 0.7711
val Loss: 0.8371 Acc: 0.6667

Epoch 9/49
----------
train Loss: 0.6608 Acc: 0.7685
val Loss: 0.8140 Acc: 0.6617

Epoch 10/49
----------
train Loss: 0.6330 Acc: 0.7863
val Loss: 0.8654 Acc: 0.6517

Epoch 11/49
----------
train Loss: 0.6695 Acc: 0.7765
val Loss: 0.7893 Acc: 0.6766

Epoch 12/49
----------
train Loss: 0.6413 Acc: 0.7711
val Loss: 0.8035 Acc: 0.6766

Epoch 13/49
----------
train Loss: 0.6265 Acc: 0.7890
val Loss: 0.8143 Acc: 0.6468

Epoch 14/49
----------
train Loss: 0.6462 Acc: 0.7640
val Loss: 0.8025 Acc: 0.6915

Epoch 15/49
----------
train Loss: 0.6058 Acc: 0.7898
val Loss: 0.8100 Acc: 0.6567

Epoch 16/49
----------
train Loss: 0.6392 Acc: 0.7872
val Loss: 0.8139 Acc: 0.6816

Epoch 17/49
----------
train Loss: 0.6372 Acc: 0.7605
val Loss: 0.8080 Acc: 0.6617

Epoch 18/49
----------
train Loss: 0.6367 Acc: 0.7801
val Loss: 0.8163 Acc: 0.6667

Epoch 19/49
----------
train Loss: 0.6423 Acc: 0.7792
val Loss: 0.7925 Acc: 0.6716

Epoch 20/49
----------
train Loss: 0.6316 Acc: 0.7801
val Loss: 0.7977 Acc: 0.6866

Epoch 21/49
----------
train Loss: 0.6564 Acc: 0.7809
val Loss: 0.8147 Acc: 0.6866

Epoch 22/49
----------
train Loss: 0.6465 Acc: 0.7560
val Loss: 0.8176 Acc: 0.6567

Epoch 23/49
----------
train Loss: 0.6585 Acc: 0.7596
val Loss: 0.8374 Acc: 0.6617

Epoch 24/49
----------
train Loss: 0.6312 Acc: 0.7738
val Loss: 0.8314 Acc: 0.6667

Epoch 25/49
----------
train Loss: 0.6421 Acc: 0.7596
val Loss: 0.8087 Acc: 0.6716

Epoch 26/49
----------
train Loss: 0.6393 Acc: 0.7809
val Loss: 0.8018 Acc: 0.6816

Epoch 27/49
----------
train Loss: 0.6338 Acc: 0.7756
val Loss: 0.8061 Acc: 0.6617

Epoch 28/49
----------
train Loss: 0.6260 Acc: 0.7863
val Loss: 0.7982 Acc: 0.6617

Epoch 29/49
----------
train Loss: 0.6413 Acc: 0.7747
val Loss: 0.8292 Acc: 0.6617

Epoch 30/49
----------
train Loss: 0.6650 Acc: 0.7747
val Loss: 0.7819 Acc: 0.6915

Epoch 31/49
----------
train Loss: 0.6463 Acc: 0.7631
val Loss: 0.8003 Acc: 0.6667

Epoch 32/49
----------
train Loss: 0.6569 Acc: 0.7756
val Loss: 0.8365 Acc: 0.6716

Epoch 33/49
----------
train Loss: 0.6689 Acc: 0.7667
val Loss: 0.8241 Acc: 0.6716

Epoch 34/49
----------
train Loss: 0.6412 Acc: 0.7711
val Loss: 0.7967 Acc: 0.6667

Epoch 35/49
----------
train Loss: 0.6284 Acc: 0.7854
val Loss: 0.8069 Acc: 0.6915

Epoch 36/49
----------
train Loss: 0.6297 Acc: 0.7863
val Loss: 0.7969 Acc: 0.6617

Epoch 37/49
----------
train Loss: 0.6402 Acc: 0.7890
val Loss: 0.7854 Acc: 0.6766

Epoch 38/49
----------
train Loss: 0.6333 Acc: 0.7765
val Loss: 0.7877 Acc: 0.6667

Epoch 39/49
----------
train Loss: 0.6445 Acc: 0.7658
val Loss: 0.8111 Acc: 0.6617

Epoch 40/49
----------
train Loss: 0.6284 Acc: 0.7890
val Loss: 0.7786 Acc: 0.6716

Epoch 41/49
----------
train Loss: 0.6312 Acc: 0.7756
val Loss: 0.7913 Acc: 0.6816

Epoch 42/49
----------
train Loss: 0.6406 Acc: 0.7854
val Loss: 0.8137 Acc: 0.6816

Epoch 43/49
----------
train Loss: 0.6251 Acc: 0.7809
val Loss: 0.8016 Acc: 0.7015

Epoch 44/49
----------
train Loss: 0.6266 Acc: 0.7738
val Loss: 0.7781 Acc: 0.6816

Epoch 45/49
----------
train Loss: 0.6409 Acc: 0.7801
val Loss: 0.8063 Acc: 0.6866

Epoch 46/49
----------
train Loss: 0.6690 Acc: 0.7711
val Loss: 0.7986 Acc: 0.6617

Epoch 47/49
----------
train Loss: 0.6424 Acc: 0.7649
val Loss: 0.8032 Acc: 0.6866

Epoch 48/49
----------
train Loss: 0.6323 Acc: 0.7711
val Loss: 0.8208 Acc: 0.6667

Epoch 49/49
----------
train Loss: 0.6342 Acc: 0.7765
val Loss: 0.8086 Acc: 0.6567

Training complete in 128m 11s
Best val Acc: 0.701493
Exception ignored in: <bound method _DataLoaderIter.__del__ of <torch.utils.data.dataloader._DataLoaderIter object at 0x7f4eca8810f0>>
Traceback (most recent call last):
  File "/home/ljequier/PyTorch_CPU_Py3/lib/python3.6/site-packages/torch/utils/data/dataloader.py", line 349, in __del__
    self._shutdown_workers()
  File "/home/ljequier/PyTorch_CPU_Py3/lib/python3.6/site-packages/torch/utils/data/dataloader.py", line 328, in _shutdown_workers
    self.worker_result_queue.get()
  File "/ssoft/spack/paien/v2/opt/spack/linux-rhel7-x86_E5v2_IntelIB/gcc-7.3.0/python-3.6.5-5yxsy6j5miw26wxpzrtync5gnhtsv5pt/lib/python3.6/multiprocessing/queues.py", line 337, in get
    return _ForkingPickler.loads(res)
  File "/home/ljequier/PyTorch_CPU_Py3/lib/python3.6/site-packages/torch/multiprocessing/reductions.py", line 70, in rebuild_storage_fd
    fd = df.detach()
  File "/ssoft/spack/paien/v2/opt/spack/linux-rhel7-x86_E5v2_IntelIB/gcc-7.3.0/python-3.6.5-5yxsy6j5miw26wxpzrtync5gnhtsv5pt/lib/python3.6/multiprocessing/resource_sharer.py", line 57, in detach
    with _resource_sharer.get_connection(self._id) as conn:
  File "/ssoft/spack/paien/v2/opt/spack/linux-rhel7-x86_E5v2_IntelIB/gcc-7.3.0/python-3.6.5-5yxsy6j5miw26wxpzrtync5gnhtsv5pt/lib/python3.6/multiprocessing/resource_sharer.py", line 87, in get_connection
    c = Client(address, authkey=process.current_process().authkey)
  File "/ssoft/spack/paien/v2/opt/spack/linux-rhel7-x86_E5v2_IntelIB/gcc-7.3.0/python-3.6.5-5yxsy6j5miw26wxpzrtync5gnhtsv5pt/lib/python3.6/multiprocessing/connection.py", line 493, in Client
    answer_challenge(c, authkey)
  File "/ssoft/spack/paien/v2/opt/spack/linux-rhel7-x86_E5v2_IntelIB/gcc-7.3.0/python-3.6.5-5yxsy6j5miw26wxpzrtync5gnhtsv5pt/lib/python3.6/multiprocessing/connection.py", line 732, in answer_challenge
    message = connection.recv_bytes(256)         # reject large message
  File "/ssoft/spack/paien/v2/opt/spack/linux-rhel7-x86_E5v2_IntelIB/gcc-7.3.0/python-3.6.5-5yxsy6j5miw26wxpzrtync5gnhtsv5pt/lib/python3.6/multiprocessing/connection.py", line 216, in recv_bytes
    buf = self._recv_bytes(maxlength)
  File "/ssoft/spack/paien/v2/opt/spack/linux-rhel7-x86_E5v2_IntelIB/gcc-7.3.0/python-3.6.5-5yxsy6j5miw26wxpzrtync5gnhtsv5pt/lib/python3.6/multiprocessing/connection.py", line 407, in _recv_bytes
    buf = self._recv(4)
  File "/ssoft/spack/paien/v2/opt/spack/linux-rhel7-x86_E5v2_IntelIB/gcc-7.3.0/python-3.6.5-5yxsy6j5miw26wxpzrtync5gnhtsv5pt/lib/python3.6/multiprocessing/connection.py", line 383, in _recv
    raise EOFError
EOFError: 
